build/app/outputs/mapping/release/seeds.txt
com.example.documentscanner2.MainActivity
com.example.documentscanner2.MainActivity: MainActivity()
...
androidx.appcompat.widget.AppCompatImageView: void setBackgroundDrawable(android.graphics.drawable.Drawable)
com.yalantis.ucrop.R$styleable: int Toolbar_titleMarginBottom
androidx.core.app.RemoteActionCompatParcelizer: RemoteActionCompatParcelizer()
androidx.appcompat.R$style: int Base_TextAppearance_AppCompat_Medium
io.flutter.embedding.engine.mutatorsstack.FlutterMutatorsStack: java.util.List getFinalClippingPaths()
androidx.appcompat.widget.AppCompatRadioButton: void setSupportBackgroundTintList(android.content.res.ColorStateList)
androidx.appcompat.R$styleable: int LinearLayoutCompat_measureWithLargestChild
com.yalantis.ucrop.R$styleable: int ucrop_UCropView_ucrop_show_frame
android.support.v4.os.ResultReceiver: android.os.Parcelable$Creator CREATOR
com.yalantis.ucrop.R$string: int abc_shareactionprovider_share_with_application
androidx.appcompat.R$drawable: int btn_radio_on_mtrl
androidx.core.graphics.drawable.IconCompatParcelizer
androidx.appcompat.R$styleable: int AppCompatTextView_drawableLeftCompat
androidx.appcompat.R$styleable: int AppCompatTheme_actionModeWebSearchDrawable
androidx.appcompat.R$styleable: int Spinner_android_prompt
com.yalantis.ucrop.R$color: int dim_foreground_disabled_material_light
com.yalantis.ucrop.R$dimen: int notification_action_icon_size
androidx.appcompat.R$style: int Widget_AppCompat_Light_ActionBar
androidx.appcompat.resources.R$styleable: int[] GradientColor
com.github.barteksc.pdfviewer.PDFView: float getOptimalPageHeight()
androidx.appcompat.R$drawable: int abc_ic_star_black_48dp
androidx.appcompat.widget.AppCompatImageView: void setBackgroundResource(int)
androidx.appcompat.R$drawable: int abc_ic_menu_selectall_mtrl_alpha
io.flutter.plugin.editing.ImeSyncDeferringInsetsCallback: void onPrepare(android.view.WindowInsetsAnimation)
androidx.lifecycle.LiveData$LifecycleBoundObserver
androidx.appcompat.R$dimen: int compat_notification_large_icon_max_width
androidx.appcompat.R$style: int RtlUnderlay_Widget_AppCompat_ActionButton_Overflow
com.yalantis.ucrop.R$string: int abc_capital_on
com.yalantis.ucrop.R$drawable: int abc_ratingbar_indicator_material
androidx.appcompat.widget.LinearLayoutCompat: void setDividerDrawable(android.graphics.drawable.Drawable)
androidx.appcompat.widget.AppCompatSpinner
com.github.barteksc.pdfviewer.PDFView: void setMaxZoom(float)
androidx.appcompat.widget.AppCompatEditText: void setSupportBackgroundTintMode(android.graphics.PorterDuff$Mode)
androidx.appcompat.R$attr: int measureWithLargestChild
androidx.appcompat.R$styleable: int[] MenuGroup
com.yalantis.ucrop.R$string: int abc_activitychooserview_choose_application
androidx.core.R$attr: int font
androidx.appcompat.R$styleable: int AppCompatTheme_searchViewStyle
androidx.appcompat.R$attr: int checkedTextViewStyle
com.yalantis.ucrop.R$dimen: int abc_control_padding_material
com.yalantis.ucrop.R$dimen: int ucrop_default_crop_logo_size
android.support.v4.media.RatingCompat
com.yalantis.ucrop.R$color: int abc_search_url_text_normal
com.yalantis.ucrop.R$dimen: int tooltip_corner_radius
androidx.appcompat.R$dimen: int abc_text_size_body_1_material
androidx.appcompat.R$styleable: int FontFamilyFont_android_fontWeight
androidx.vectordrawable.graphics.drawable.VectorDrawableCompat$VPathRenderer: float getAlpha()
vn.hunghd.flutter.plugins.imagecropper.R$string: int abc_menu_ctrl_shortcut_label
com.yalantis.ucrop.R$styleable: int GradientColor_android_centerColor
com.yalantis.ucrop.R$id: int spacer
androidx.appcompat.R$styleable: int AppCompatTheme_listPreferredItemPaddingStart
androidx.appcompat.R$style: int Animation_AppCompat_Dialog
androidx.appcompat.widget.SearchView: void setIconified(boolean)
io.flutter.embedding.android.FlutterSplashView$SavedState: java.lang.String previousCompletedSplashIsolate
com.yalantis.ucrop.R$styleable: int AppCompatTheme_buttonBarNegativeButtonStyle
androidx.appcompat.widget.AppCompatImageButton: android.graphics.PorterDuff$Mode getSupportBackgroundTintMode()