build/app/outputs/mapping/release/mapping.txt
# compiler: R8
# compiler_version: 2.0.88
# min_api: 21
# pg_map_id: 4143ebf
# common_typos_disable
com.example.documentscanner2.-$$Lambda$MainActivity$fZjvoUIeUBUIJCp4H7BJchQ4ac4 -> com.example.documentscanner2.a:
    com.example.documentscanner2.MainActivity f$0 -> a
    void onMethodCall(io.flutter.plugin.common.MethodCall,io.flutter.plugin.common.MethodChannel$Result) -> d
com.example.documentscanner2.MainActivity -> com.example.documentscanner2.MainActivity:
    byte[] whiteBoardArray -> g
    byte[] byteArray -> d
    byte[] originalArray -> f
    byte[] grayArray -> e
    void lambda$configureFlutterEngine$0(io.flutter.plugin.common.MethodCall,io.flutter.plugin.common.MethodChannel$Result) -> F
    void configureFlutterEngine(io.flutter.embedding.engine.FlutterEngine) -> x
com.example.documentscanner2.MainActivity$GrayThread -> com.example.documentscanner2.MainActivity$a:
    double bl_y -> j
    double br_x -> k
    double br_y -> l
    android.graphics.Bitmap bitmap -> b
    com.example.documentscanner2.MainActivity this$0 -> m
    int width -> d
    double tl_x -> e
    double tl_y -> f
    int height -> c
    double tr_x -> g
    double tr_y -> h
    double bl_x -> i
com.example.documentscanner2.MainActivity$OriginalThread -> com.example.documentscanner2.MainActivity$b:
    double bl_y -> j
    double br_x -> k
    double br_y -> l
    android.graphics.Bitmap bitmap -> b
    com.example.documentscanner2.MainActivity this$0 -> m
    int width -> d
    double tl_x -> e
    double tl_y -> f
    int height -> c
    double tr_x -> g
    double tr_y -> h
    double bl_x -> i
com.example.documentscanner2.MainActivity$RotateThread -> com.example.documentscanner2.MainActivity$c:
    com.example.documentscanner2.MainActivity this$0 -> b
com.example.documentscanner2.MainActivity$WhiteBoardThread -> com.example.documentscanner2.MainActivity$d:
    double bl_y -> j
    double br_x -> k
    double br_y -> l
    android.graphics.Bitmap bitmap -> b
    com.example.documentscanner2.MainActivity this$0 -> m
    int width -> d
    double tl_x -> e
    double tl_y -> f
    int height -> c
    double tr_x -> g
    double tr_y -> h
    double bl_x -> i
...
androidx.core.view.accessibility.AccessibilityViewCommand$CommandArguments -> b.d.i.z.e$a:
    void setBundle(android.os.Bundle) -> a
androidx.core.view.accessibility.AccessibilityViewCommand$MoveAtGranularityArguments -> b.d.i.z.e$b:
androidx.core.view.accessibility.AccessibilityViewCommand$MoveHtmlArguments -> b.d.i.z.e$c:
androidx.core.view.accessibility.AccessibilityViewCommand$MoveWindowArguments -> b.d.i.z.e$d:
androidx.core.view.accessibility.AccessibilityViewCommand$ScrollToPositionArguments -> b.d.i.z.e$e:
androidx.core.view.accessibility.AccessibilityViewCommand$SetProgressArguments -> b.d.i.z.e$f:
androidx.core.view.accessibility.AccessibilityViewCommand$SetSelectionArguments -> b.d.i.z.e$g:
androidx.core.view.accessibility.AccessibilityViewCommand$SetTextArguments -> b.d.i.z.e$h:
androidx.core.widget.AutoScrollHelper -> androidx.core.widget.a:
    boolean mAlreadyDelayed -> m
    boolean mNeedsReset -> n
    float[] mMinimumVelocity -> k
    boolean mNeedsCancel -> o
    float[] mMaximumVelocity -> l
    boolean mAnimating -> p
    float[] mRelativeVelocity -> j
    android.view.animation.Interpolator mEdgeInterpolator -> c
    float[] mMaximumEdges -> g
    int mEdgeType -> h
    int mActivationDelay -> i
    float[] mRelativeEdges -> f
    boolean mEnabled -> q
    boolean mExclusive -> r
    java.lang.Runnable mRunnable -> e
    int DEFAULT_ACTIVATION_DELAY -> s
    android.view.View mTarget -> d
    androidx.core.widget.AutoScrollHelper$ClampedScroller mScroller -> b
    boolean canTargetScrollHorizontally(int) -> a
    boolean canTargetScrollVertically(int) -> b
    void cancelTargetTouch() -> c
    float computeTargetVelocity(int,float,float,float) -> d
    float constrain(float,float,float) -> e
    int constrain(int,int,int) -> f
    float constrainEdgeValue(float,float) -> g
    float getEdgeValue(float,float,float,float) -> h
    void requestStop() -> i
    void scrollTargetBy(int,int) -> j
    androidx.core.widget.AutoScrollHelper setActivationDelay(int) -> k
    androidx.core.widget.AutoScrollHelper setEdgeType(int) -> l
    androidx.core.widget.AutoScrollHelper setEnabled(boolean) -> m
    androidx.core.widget.AutoScrollHelper setMaximumEdges(float,float) -> n
    androidx.core.widget.AutoScrollHelper setMaximumVelocity(float,float) -> o
androidx.core.widget.AutoScrollHelper$ClampedScroller -> androidx.core.widget.a$a:
    long mStopTime -> i
    float mStopValue -> j
    long mDeltaTime -> f
    long mStartTime -> e
    int mEffectiveRampDown -> k
    int mDeltaY -> h
    float mTargetVelocityY -> d
    float mTargetVelocityX -> c
    int mDeltaX -> g
    int mRampDownDuration -> b
    int mRampUpDuration -> a
    void computeScrollDelta() -> a
    int getDeltaX() -> b
    int getDeltaY() -> c
    int getHorizontalDirection() -> d
    float getValueAt(long) -> e
    int getVerticalDirection() -> f
    float interpolateValue(float) -> g
    boolean isFinished() -> h
    void requestStop() -> i
    void setRampDownDuration(int) -> j
    void setRampUpDuration(int) -> k
    void setTargetVelocity(float,float) -> l
    void start() -> m
androidx.core.widget.AutoScrollHelper$ScrollAnimationRunnable -> androidx.core.widget.a$b:
    androidx.core.widget.AutoScrollHelper this$0 -> b
androidx.core.widget.AutoSizeableTextView -> androidx.core.widget.b:
    boolean PLATFORM_SUPPORTS_AUTOSIZE -> a
androidx.core.widget.CompoundButtonCompat -> androidx.core.widget.c:
    java.lang.reflect.Field sButtonDrawableField -> a
    boolean sButtonDrawableFieldFetched -> b
    android.graphics.drawable.Drawable getButtonDrawable(android.widget.CompoundButton) -> a
    void setButtonTintList(android.widget.CompoundButton,android.content.res.ColorStateList) -> b
    void setButtonTintMode(android.widget.CompoundButton,android.graphics.PorterDuff$Mode) -> c
androidx.core.widget.EdgeEffectCompat -> androidx.core.widget.d:
    void onPull(android.widget.EdgeEffect,float,float) -> a