build/app/outputs/mapping/release/usage.txt
com.example.documentscanner2.R$dimen
com.example.documentscanner2.R$integer
com.example.documentscanner2.R$mipmap
com.example.documentscanner2.R$style
com.example.documentscanner2.R$color
com.example.documentscanner2.R$drawable
com.example.documentscanner2.BuildConfig
com.example.documentscanner2.R$id
com.example.documentscanner2.R$bool
com.example.documentscanner2.R
com.example.documentscanner2.R$layout
com.example.documentscanner2.R$string
com.example.documentscanner2.R$attr
com.example.documentscanner2.R$anim
com.example.documentscanner2.R$styleable
com.example.documentscanner2.R$menu
com.example.documentscanner2.R$xml
com.example.documentscanner2.R$interpolator
...
android.support.v4.media.MediaBrowserCompat$MediaBrowserImplApi21$1
kotlin.text.MatcherMatchResult$groupValues$1
okhttp3.CacheControl:
    public int sMaxAgeSeconds()
    public boolean noTransform()
    public boolean immutable()
com.yalantis.ucrop.model.ExifInfo:
    public int getExifOrientation()
    public int getExifDegrees()
    public int getExifTranslation()
    public void setExifOrientation(int)
    public void setExifDegrees(int)
    public void setExifTranslation(int)
androidx.media.R$string
androidx.media.MediaBrowserCompatUtils
kotlin.coroutines.CoroutineContext$Key
kotlin.collections.ArraysKt___ArraysJvmKt$asList$7
kotlin.reflect.KAnnotatedElement
kotlin.ranges.URangesKt___URangesKt
io.flutter.plugins.imagepicker.R
androidx.appcompat.widget.PopupMenu$2
kotlin.sequences.SequencesKt___SequencesKt$filterIndexed$1
okhttp3.Response:
    public okhttp3.Protocol protocol()
    public boolean isSuccessful()
    public java.lang.String message()
    public java.util.List headers(java.lang.String)
    public okhttp3.ResponseBody peekBody(long)
    public boolean isRedirect()
    public okhttp3.Response networkResponse()
    public okhttp3.Response cacheResponse()
    public java.util.List challenges()
org.apache.commons.io.output.StringBuilderWriter
androidx.transition.MatrixUtils
org.opencv.android.CameraGLSurfaceView
androidx.lifecycle.MutableLiveData:
    public void postValue(java.lang.Object)
androidx.appcompat.widget.ScrollingTabContainerView$VisibilityAnimListener
kotlin.jvm.JvmWildcard
com.yalantis.ucrop.UCrop:
    public static int getOutputImageWidth(android.content.Intent)
    public static int getOutputImageHeight(android.content.Intent)
    public static float getOutputCropAspectRatio(android.content.Intent)
    public com.yalantis.ucrop.UCrop useSourceImageAspectRatio()
    public void start(android.app.Activity)
    public void start(android.app.Activity,int)
    public void start(android.content.Context,androidx.fragment.app.Fragment)
    public void start(android.content.Context,androidx.fragment.app.Fragment,int)
    public com.yalantis.ucrop.UCropFragment getFragment()
    public com.yalantis.ucrop.UCropFragment getFragment(android.os.Bundle)
    public static final int REQUEST_CROP
    public static final int RESULT_ERROR
    public static final int MIN_SIZE
    private static final java.lang.String EXTRA_PREFIX
    public static final java.lang.String EXTRA_INPUT_URI
    public static final java.lang.String EXTRA_OUTPUT_URI
    public static final java.lang.String EXTRA_OUTPUT_CROP_ASPECT_RATIO
    public static final java.lang.String EXTRA_OUTPUT_IMAGE_WIDTH
    public static final java.lang.String EXTRA_OUTPUT_IMAGE_HEIGHT
    public static final java.lang.String EXTRA_OUTPUT_OFFSET_X
    public static final java.lang.String EXTRA_OUTPUT_OFFSET_Y
    public static final java.lang.String EXTRA_ERROR
    public static final java.lang.String EXTRA_ASPECT_RATIO_X
    public static final java.lang.String EXTRA_ASPECT_RATIO_Y
androidx.core.content.res.FontResourcesParserCompat$FetchStrategy
androidx.appcompat.widget.ActionBarContainer:
    public void <init>(android.content.Context)
kotlin.collections.AbstractList$IteratorImpl
androidx.core.view.GestureDetectorCompat$GestureDetectorCompatImpl
androidx.annotation.LongDef
kotlin.comparisons.NaturalOrderComparator
org.apache.commons.io.FileCleaner
kotlin.collections.AbstractMutableList
android.support.v4.media.session.MediaSessionCompat$MediaSessionImplBase$1
kotlin.PreconditionsKt__AssertionsJVMKt
androidx.exifinterface.R
androidx.core.app.ServiceCompat